<?xml version="1.0" encoding="UTF-8"?>
<!-- Generated by org.testng.reporters.JUnitReportReporter -->
<testsuite hostname="Ritik" failures="0" tests="1" name="testng.annotationTest" time="0.010" errors="0" timestamp="2023-06-18T12:54:16 IST" skipped="0">
  <testcase classname="testng.annotationTest" name="test" time="0.010"/>
</testsuite> <!-- testng.annotationTest -->
