<?xml version="1.0" encoding="UTF-8"?>
<!-- Generated by org.testng.reporters.JUnitReportReporter -->
<testsuite hostname="Ritik" failures="0" tests="3" name="testng.VerifyloginTest" time="0.012" errors="0" timestamp="2023-06-18T12:40:22 IST" skipped="0">
  <testcase classname="testng.VerifyloginTest" name="login" time="0.009"/>
  <testcase classname="testng.VerifyloginTest" name="logout" time="0.001"/>
  <testcase classname="testng.VerifyloginTest" name="LaunchBrowser" time="0.002"/>
</testsuite> <!-- testng.VerifyloginTest -->
