<?xml version="1.0" encoding="UTF-8"?>
<!-- Generated by org.testng.reporters.JUnitReportReporter -->
<testsuite hostname="Ritik" failures="0" tests="1" name="testng.DemoTest" time="0.015" errors="0" timestamp="2023-06-18T11:38:13 IST" skipped="0">
  <testcase classname="testng.DemoTest" name="test" time="0.015"/>
</testsuite> <!-- testng.DemoTest -->
