<?xml version="1.0" encoding="UTF-8"?>
<!-- Generated by org.testng.reporters.JUnitReportReporter -->
<testsuite hostname="Ritik" failures="0" tests="3" name="Test_Scenario.Login_Test" time="30.655" errors="0" timestamp="2023-07-01T11:50:04 IST" skipped="0">
  <testcase classname="Test_Scenario.Login_Test" name="invalidMobile" time="8.688"/>
  <testcase classname="Test_Scenario.Login_Test" name="invalidPassword" time="10.377"/>
  <testcase classname="Test_Scenario.Login_Test" name="validMobile" time="11.590"/>
</testsuite> <!-- Test_Scenario.Login_Test -->
