<?xml version="1.0" encoding="UTF-8"?>
<!-- Generated by org.testng.reporters.JUnitReportReporter -->
<testsuite hostname="Ritik" failures="0" tests="1" name="Test_Scenario.Registration_Test" time="9.923" errors="0" timestamp="2023-07-01T11:50:04 IST" skipped="0">
  <testcase classname="Test_Scenario.Registration_Test" name="Restraion" time="9.923"/>
</testsuite> <!-- Test_Scenario.Registration_Test -->
