<?xml version="1.0" encoding="UTF-8"?>
<!-- Generated by org.testng.reporters.JUnitReportReporter -->
<testsuite hostname="Ritik" failures="0" tests="1" name="Test_Scenario.LoginTest" time="7.881" errors="0" timestamp="2023-06-23T18:46:12 IST" skipped="0">
  <testcase classname="Test_Scenario.LoginTest" name="BeforeTest" time="7.881"/>
</testsuite> <!-- Test_Scenario.LoginTest -->
