<?xml version="1.0" encoding="UTF-8"?>
<!-- Generated by org.testng.reporters.JUnitReportReporter -->
<testsuite hostname="Ritik" failures="0" tests="3" name="Test_Scenario.Login_Test" time="31.438" errors="0" timestamp="2023-06-24T16:56:05 IST" skipped="0">
  <testcase classname="Test_Scenario.Login_Test" name="invalidMobile" time="9.651"/>
  <testcase classname="Test_Scenario.Login_Test" name="invalidPassword" time="9.530"/>
  <testcase classname="Test_Scenario.Login_Test" name="validMObile" time="12.257"/>
</testsuite> <!-- Test_Scenario.Login_Test -->
