<?xml version="1.0" encoding="UTF-8"?>
<!-- Generated by org.testng.reporters.JUnitReportReporter -->
<testsuite hostname="Ritik" failures="0" tests="7" name="Test.Test1" time="28.414" errors="0" timestamp="2023-06-21T17:45:32 IST" skipped="0">
  <testcase classname="Test.Test1" name="test1" time="9.545"/>
  <testcase classname="Test.Test1" name="test2" time="4.199"/>
  <testcase classname="Test.Test1" name="test3" time="3.481"/>
  <testcase classname="Test.Test1" name="test4" time="0.346"/>
  <testcase classname="Test.Test1" name="test5" time="3.575"/>
  <testcase classname="Test.Test1" name="test6" time="0.254"/>
  <testcase classname="Test.Test1" name="test7" time="7.014"/>
</testsuite> <!-- Test.Test1 -->
