<?xml version="1.0" encoding="UTF-8"?>
<!-- Generated by org.testng.reporters.JUnitReportReporter -->
<testsuite hostname="Ritik" failures="0" tests="3" name="POM.POMTest" time="5.671" errors="0" timestamp="2023-06-21T13:38:36 IST" skipped="0">
  <testcase classname="POM.POMTest" name="test1" time="4.282"/>
  <testcase classname="POM.POMTest" name="test2" time="1.307"/>
  <testcase classname="POM.POMTest" name="test3" time="0.082"/>
</testsuite> <!-- POM.POMTest -->
