<?xml version="1.0" encoding="UTF-8"?>
<!-- Generated by org.testng.reporters.JUnitReportReporter -->
<testsuite hostname="Ritik" failures="0" tests="3" name="Test_Scenarios.TestMethods_GoogleSearch" time="16.541" errors="0" timestamp="2023-06-23T17:53:11 IST" skipped="0">
  <testcase classname="Test_Scenarios.TestMethods_GoogleSearch" name="SearchOperation" time="3.866"/>
  <testcase classname="Test_Scenarios.TestMethods_GoogleSearch" name="VerifyandAccessFacebook" time="4.795"/>
  <testcase classname="Test_Scenarios.TestMethods_GoogleSearch" name="VerifyLogin" time="7.880"/>
</testsuite> <!-- Test_Scenarios.TestMethods_GoogleSearch -->
